[16:49:26] [ServerMain/INFO]: [bootstrap] Running Java 21 (OpenJDK 64-Bit Server VM 21.0.7+6-LTS; Microsoft Microsoft-11369942) on Linux 6.8.0-1030-azure (amd64)
[16:49:26] [ServerMain/INFO]: [bootstrap] Loading Purpur 1.21.1-2329-ver/1.21.1@803bf62 (2024-10-31T20:25:04Z) for Minecraft 1.21.1
[16:49:26] [ServerMain/INFO]: [PluginInitializerManager] Initializing plugins...
[16:49:27] [ServerMain/INFO]: [PluginInitializerManager] Initialized 1 plugin
[16:49:27] [ServerMain/INFO]: [PluginInitializerManager] Bukkit plugins (1):
 - playit-gg (0.1.4)
[16:49:33] [ServerMain/INFO]: Environment: Environment[sessionHost=https://sessionserver.mojang.com, servicesHost=https://api.minecraftservices.com, name=PROD]
[16:49:36] [ServerMain/INFO]: Loaded 1290 recipes
[16:49:36] [ServerMain/INFO]: Loaded 1399 advancements
[16:49:36] [Server thread/INFO]: Starting minecraft server version 1.21.1
[16:49:36] [Server thread/INFO]: Loading properties
[16:49:36] [Server thread/INFO]: This server is running Purpur version 1.21.1-2329-ver/1.21.1@803bf62 (2024-10-31T20:25:04Z) (Implementing API version 1.21.1-R0.1-SNAPSHOT)
[16:49:37] [Server thread/INFO]: [spark] This server bundles the spark profiler. For more information please visit https://docs.papermc.io/paper/profiling
[16:49:37] [Server thread/INFO]: Server Ping Player Sample Count: 12
[16:49:37] [Server thread/INFO]: Using 4 threads for Netty based IO
[16:49:39] [Server thread/INFO]: [ChunkTaskScheduler] Chunk system is using 1 I/O threads, 1 worker threads, and population gen parallelism of 1 threads
[16:49:39] [Server thread/WARN]: [Pufferfish] SIMD operations are available for your server, but are not configured!
[16:49:39] [Server thread/WARN]: [Pufferfish] To enable additional optimizations, add "--add-modules=jdk.incubator.vector" to your startup flags, BEFORE the "-jar".
[16:49:39] [Server thread/WARN]: [Pufferfish] If you have already added this flag, then SIMD operations are not supported on your JVM or CPU.
[16:49:39] [Server thread/WARN]: [Pufferfish] Debug: Java: 21.0.7, test run: true
[16:49:39] [Server thread/INFO]: Default game type: SURVIVAL
[16:49:39] [Server thread/INFO]: Generating keypair
[16:49:40] [Server thread/INFO]: Starting Minecraft server on *:25565
[16:49:40] [Server thread/INFO]: Using epoll channel type
[16:49:40] [Server thread/INFO]: Paper: Using libdeflate (Linux x86_64) compression from Velocity.
[16:49:40] [Server thread/INFO]: Paper: Using OpenSSL 3.x.x (Linux x86_64) cipher from Velocity.
[16:49:40] [Server thread/INFO]: [playit-gg] Loading server plugin playit-gg v0.1.4
[16:49:40] [Server thread/INFO]: Server permissions file permissions.yml is empty, ignoring it
[16:49:40] [Server thread/WARN]: **** SERVER IS RUNNING IN OFFLINE/INSECURE MODE!
[16:49:40] [Server thread/WARN]: The server will make no attempt to authenticate usernames. Beware.
[16:49:40] [Server thread/WARN]: While this makes the game possible to play without internet access, it also opens up the ability for hackers to connect with any username they choose.
[16:49:40] [Server thread/WARN]: To change this, set "online-mode" to "true" in the server.properties file.
[16:49:40] [Server thread/INFO]: Preparing level "world"
[16:49:41] [Server thread/INFO]: Preparing start region for dimension minecraft:overworld
[16:49:43] [Server thread/INFO]: Time elapsed: 2009 ms
[16:49:43] [Server thread/INFO]: Preparing start region for dimension minecraft:the_nether
[16:49:44] [Server thread/INFO]: Time elapsed: 301 ms
[16:49:44] [Server thread/INFO]: Preparing start region for dimension minecraft:the_end
[16:49:44] [Server thread/INFO]: Time elapsed: 283 ms
[16:49:44] [Server thread/INFO]: [playit-gg] Enabling playit-gg v0.1.4
[16:49:45] [Thread-6/INFO]: [gg.playit.minecraft.PlayitKeysSetup] secret key found, checking
[16:49:45] [Thread-6/INFO]: [gg.playit.minecraft.PlayitKeysSetup] check secret
[16:49:46] [Server thread/INFO]: [spark] Starting background profiler...
[16:49:46] [Server thread/INFO]: Done preparing level "world" (6.089s)
[16:49:46] [Server thread/INFO]: Running delayed init tasks
[16:49:46] [Server thread/INFO]: Done (21.358s)! For help, type "help"
[16:49:47] [Thread-6/INFO]: [gg.playit.minecraft.PlayitKeysSetup] found minecraft java tunnel: on-via.gl.joinmc.link
[16:49:47] [Thread-6/INFO]: [gg.playit.minecraft.PlayitManager] keys and tunnel setup
[16:49:47] [Thread-6/INFO]: playit.gg: tunnel setup
[16:49:47] [Thread-6/INFO]: playit.gg: on-via.gl.joinmc.link
[16:49:47] [Thread-6/WARN]: [gg.playit.control.ChannelSetup] Got IO error working with :control.playit.gg/2602:fbaf:850:17:0:0:0:1, error : java.net.SocketException: Network is unreachable
[16:49:48] [Thread-6/INFO]: [gg.playit.control.ChannelSetup] request queued, waiting 1 second before resend
[16:50:02] [Thread-6/INFO]: [gg.playit.minecraft.PlayitManager] got new client: NewClient{connectAddr=147.185.221.212:32195, peerAddr=116.111.95.174:50311, claimAddress=69.9.191.2:43784, claimToken=[44, 0, 94, -109, -71, -35, -44, 125, -61, 116, 111, 95, -82, -60, -121, -125, -63, -51, -11, -85, 8, 104, -5, -82, 58, 0, 0, 0, 0, 0, 14, 110, 98, 0, 0, 0, 0, 0, 78, -91, 1, 0, 0, 0, 0, 0, 38, 77, 49, -41, -34, -85, 8, 0, 0, 0, 0, 28, 0, 0, 0, 0, 0, 0, 0, 1, 0, 0, 0, 24, 23, 0, -1, 5, 16, 50, 49, 50, 46, 105, 112, 46, 103, 108, 46, 112, 108, 121, 46, 103, 103, 125, -61, 2, -5, 89, 6, -5, 116, 16, 12, 15, -1, -19, 23, 53, 42, -55, -1, -42], tunnelServerId=1, dataCenterId=28}
[16:50:02] [Thread-6/INFO]: [gg.playit.minecraft.PlayitManager] starting tcp tunnel for client
[16:50:02] [Thread-6/INFO]: [gg.playit.minecraft.PlayitTcpTunnel] start connection to /69.9.191.2:43784 to claim client
[16:50:02] [nioEventLoopGroup-2-1/INFO]: [gg.playit.minecraft.PlayitTcpTunnel] connected to tunnel server, sending claim token
[16:50:02] [nioEventLoopGroup-2-1/INFO]: [gg.playit.minecraft.PlayitTcpTunnel] claim token sent
[16:50:02] [nioEventLoopGroup-2-1/INFO]: [gg.playit.minecraft.PlayitTcpTunnel] connection to tunnel server has been established
[16:50:02] [nioEventLoopGroup-2-1/INFO]: [gg.playit.minecraft.PlayitTcpTunnel] Reflect: ReflectionHelper{ServerConnection=class net.minecraft.server.network.ServerConnectionListener, LegacyPingHandler=class net.minecraft.server.network.LegacyQueryHandler, MinecraftServer=class net.minecraft.server.MinecraftServer, PacketSplitter=class net.minecraft.network.Varint21FrameDecoder, PacketDecoder=class net.minecraft.network.PacketDecoder, EnumProtocolDirection=class net.minecraft.network.protocol.PacketFlow, PacketPrepender=class net.minecraft.network.Varint21LengthFieldPrepender, PacketEncoder=class net.minecraft.network.PacketEncoder, NetworkManagerServer=class net.minecraft.network.RateKickingConnection, NetworkManager=class net.minecraft.network.Connection, HandshakeListener=class net.minecraft.server.network.ServerHandshakePacketListenerImpl, PacketListener=interface net.minecraft.network.PacketListener, CraftServer=class org.bukkit.craftbukkit.CraftServer}
[16:50:02] [nioEventLoopGroup-2-1/INFO]: [gg.playit.minecraft.PlayitTcpTunnel] legacyPingHandler is null
[16:50:02] [nioEventLoopGroup-2-1/INFO]: [gg.playit.minecraft.PlayitTcpTunnel] connecting to minecraft server at localhost/127.0.0.1:25565
[16:50:02] [nioEventLoopGroup-2-2/INFO]: [gg.playit.minecraft.PlayitTcpTunnel] connected to local minecraft server
[16:50:03] [User Authenticator #0/INFO]: UUID of player SmallWyrm is bfaed0eb-bdba-393d-91e8-e74d14739793
[16:50:06] [Server thread/INFO]: SmallWyrm joined the game
[16:50:07] [Server thread/INFO]: SmallWyrm[/127.0.0.1:38992] logged in with entity id 31 at ([world]-189.89780750180466, 42.65981132595927, -209.42366552711331)
[16:51:16] [Server thread/WARN]: SmallWyrm moved too quickly! 14.550068758361903,0.22860926093821377,-9.972695868175805
[16:51:49] [Thread-6/INFO]: [gg.playit.minecraft.PlayitManager] got new client: NewClient{connectAddr=147.185.221.212:32195, peerAddr=118.68.26.170:40019, claimAddress=69.9.191.2:43784, claimToken=[44, 0, 94, -109, -71, -35, -44, 125, -61, 118, 68, 26, -86, -100, 83, -53, -20, 97, -116, -85, 8, 104, -5, -82, -91, 0, 0, 0, 0, 0, 14, 110, 98, 0, 0, 0, 0, 0, 78, -91, 1, 0, 0, 0, 0, 0, 38, 77, 49, 55, 117, -85, 8, 0, 0, 0, 0, 36, 0, 0, 0, 0, 0, 0, 0, 1, 0, 0, 0, 24, 23, 0, -1, 5, 16, 50, 49, 50, 46, 105, 112, 46, 103, 108, 46, 112, 108, 121, 46, 103, 103, 125, -61, 2, 120, -116, 117, -59, 87, -92, 27, 53, -125, 95, 19, 57, -56, -57, -85, -28], tunnelServerId=1, dataCenterId=36}
[16:51:49] [Thread-6/INFO]: [gg.playit.minecraft.PlayitManager] starting tcp tunnel for client
[16:51:49] [Thread-6/INFO]: [gg.playit.minecraft.PlayitTcpTunnel] start connection to /69.9.191.2:43784 to claim client
[16:51:50] [nioEventLoopGroup-2-3/INFO]: [gg.playit.minecraft.PlayitTcpTunnel] connected to tunnel server, sending claim token
[16:51:50] [nioEventLoopGroup-2-3/INFO]: [gg.playit.minecraft.PlayitTcpTunnel] claim token sent
[16:51:50] [nioEventLoopGroup-2-3/INFO]: [gg.playit.minecraft.PlayitTcpTunnel] connection to tunnel server has been established
[16:51:50] [nioEventLoopGroup-2-3/INFO]: [gg.playit.minecraft.PlayitTcpTunnel] Reflect: ReflectionHelper{ServerConnection=class net.minecraft.server.network.ServerConnectionListener, LegacyPingHandler=class net.minecraft.server.network.LegacyQueryHandler, MinecraftServer=class net.minecraft.server.MinecraftServer, PacketSplitter=class net.minecraft.network.Varint21FrameDecoder, PacketDecoder=class net.minecraft.network.PacketDecoder, EnumProtocolDirection=class net.minecraft.network.protocol.PacketFlow, PacketPrepender=class net.minecraft.network.Varint21LengthFieldPrepender, PacketEncoder=class net.minecraft.network.PacketEncoder, NetworkManagerServer=class net.minecraft.network.RateKickingConnection, NetworkManager=class net.minecraft.network.Connection, HandshakeListener=class net.minecraft.server.network.ServerHandshakePacketListenerImpl, PacketListener=interface net.minecraft.network.PacketListener, CraftServer=class org.bukkit.craftbukkit.CraftServer}
[16:51:50] [nioEventLoopGroup-2-3/INFO]: [gg.playit.minecraft.PlayitTcpTunnel] legacyPingHandler is null
[16:51:50] [nioEventLoopGroup-2-3/INFO]: [gg.playit.minecraft.PlayitTcpTunnel] connecting to minecraft server at localhost/127.0.0.1:25565
[16:51:50] [nioEventLoopGroup-2-4/INFO]: [gg.playit.minecraft.PlayitTcpTunnel] connected to local minecraft server
[16:51:50] [User Authenticator #1/INFO]: UUID of player 0368034680 is b5c71c5f-02ac-3c15-a944-e1ee7f7be4bd
[16:51:51] [Server thread/INFO]: 0368034680 joined the game
[16:51:52] [Server thread/INFO]: 0368034680[/127.0.0.1:43368] logged in with entity id 826 at ([world]-243.78642821101135, 63.0, 11.991785651424237)
[16:52:16] [nioEventLoopGroup-2-1/WARN]: [gg.playit.minecraft.PlayitTcpTunnel] failed to send data to tunnel
[16:52:16] [Server thread/INFO]: SmallWyrm lost connection: Disconnected
[16:52:16] [Server thread/INFO]: SmallWyrm left the game
[16:52:34] [nioEventLoopGroup-2-3/WARN]: [gg.playit.minecraft.PlayitTcpTunnel] failed to send data to tunnel
[16:52:34] [Server thread/INFO]: 0368034680 lost connection: Disconnected
[16:52:34] [Server thread/INFO]: 0368034680 left the game
[16:52:48] [Server thread/INFO]: Stopping the server
[16:52:48] [Server thread/INFO]: Stopping server
[16:52:48] [Server thread/INFO]: [playit-gg] Disabling playit-gg v0.1.4
[16:52:48] [Server thread/INFO]: Saving players
[16:52:48] [Server thread/INFO]: Saving worlds
[16:52:48] [Server thread/INFO]: Saving chunks for level 'ServerLevel[world]'/minecraft:overworld
[16:52:48] [Server thread/INFO]: [ChunkHolderManager] Waiting 60s for chunk system to halt for world 'world'
[16:52:48] [Server thread/INFO]: [ChunkHolderManager] Halted chunk system for world 'world'
[16:52:48] [Server thread/INFO]: [ChunkHolderManager] Saving all chunkholders for world 'world'
[16:52:49] [Server thread/INFO]: [ChunkHolderManager] Saved 597 block chunks, 597 entity chunks, 1 poi chunks in world 'world' in 1.32s
[16:52:49] [Server thread/INFO]: Saving chunks for level 'ServerLevel[world_nether]'/minecraft:the_nether
[16:52:49] [Server thread/INFO]: [ChunkHolderManager] Waiting 60s for chunk system to halt for world 'world_nether'
[16:52:49] [Server thread/INFO]: [ChunkHolderManager] Halted chunk system for world 'world_nether'
[16:52:49] [Server thread/INFO]: [ChunkHolderManager] Saving all chunkholders for world 'world_nether'
[16:52:50] [Server thread/INFO]: [ChunkHolderManager] Saved 49 block chunks, 49 entity chunks, 0 poi chunks in world 'world_nether' in 0.11s
[16:52:50] [Server thread/INFO]: Saving chunks for level 'ServerLevel[world_the_end]'/minecraft:the_end
[16:52:50] [Server thread/INFO]: [ChunkHolderManager] Waiting 60s for chunk system to halt for world 'world_the_end'
[16:52:50] [Server thread/INFO]: [ChunkHolderManager] Halted chunk system for world 'world_the_end'
[16:52:50] [Server thread/INFO]: [ChunkHolderManager] Saving all chunkholders for world 'world_the_end'
[16:52:50] [Server thread/INFO]: [ChunkHolderManager] Saved 49 block chunks, 49 entity chunks, 0 poi chunks in world 'world_the_end' in 0.04s
[16:52:50] [Server thread/INFO]: ThreadedAnvilChunkStorage (world): All chunks are saved
[16:52:50] [Server thread/INFO]: ThreadedAnvilChunkStorage (DIM-1): All chunks are saved
[16:52:50] [Server thread/INFO]: ThreadedAnvilChunkStorage (DIM1): All chunks are saved
[16:52:50] [Server thread/INFO]: ThreadedAnvilChunkStorage: All dimensions are saved
